c:\users\varun\documents\stargameengine-master\stargameengine-master\release\vc140.pdb
c:\users\varun\documents\stargameengine-master\stargameengine-master\release\vector2d.obj
c:\users\varun\documents\stargameengine-master\stargameengine-master\release\transform.obj
c:\users\varun\documents\stargameengine-master\stargameengine-master\release\sprite.obj
c:\users\varun\documents\stargameengine-master\stargameengine-master\release\resourcemanager.obj
c:\users\varun\documents\stargameengine-master\stargameengine-master\release\physicsmanager.obj
c:\users\varun\documents\stargameengine-master\stargameengine-master\release\matrix.obj
c:\users\varun\documents\stargameengine-master\stargameengine-master\release\math2d.obj
c:\users\varun\documents\stargameengine-master\stargameengine-master\release\main.obj
c:\users\varun\documents\stargameengine-master\stargameengine-master\release\matrix2d.obj
c:\users\varun\documents\stargameengine-master\stargameengine-master\release\inputmanager.obj
c:\users\varun\documents\stargameengine-master\stargameengine-master\release\gameobjectmanager.obj
c:\users\varun\documents\stargameengine-master\stargameengine-master\release\gameobjectinstance.obj
c:\users\varun\documents\stargameengine-master\stargameengine-master\release\frameratecontroller.obj
c:\users\varun\documents\stargameengine-master\stargameengine-master\release\eventmanager.obj
c:\users\varun\documents\stargameengine-master\stargameengine-master\release\controller.obj
c:\users\varun\documents\stargameengine-master\stargameengine-master\release\collisionmanager.obj
c:\users\varun\documents\stargameengine-master\stargameengine-master\release\body.obj
c:\users\varun\desktop\tripper_gameengine\tripper_gameengine\release\game engine.tlog\cl.command.1.tlog
c:\users\varun\desktop\tripper_gameengine\tripper_gameengine\release\game engine.tlog\cl.read.1.tlog
c:\users\varun\desktop\tripper_gameengine\tripper_gameengine\release\game engine.tlog\cl.write.1.tlog
c:\users\varun\desktop\tripper_gameengine\tripper_gameengine\release\game engine.tlog\link.command.1.tlog
c:\users\varun\desktop\tripper_gameengine\tripper_gameengine\release\game engine.tlog\link.read.1.tlog
c:\users\varun\desktop\tripper_gameengine\tripper_gameengine\release\game engine.tlog\link.write.1.tlog
