c:\users\varun\desktop\tripper_gameengine\tripper_gameengine\debug\vc140.pdb
c:\users\varun\desktop\tripper_gameengine\tripper_gameengine\debug\vc140.idb
c:\users\varun\desktop\tripper_gameengine\tripper_gameengine\debug\body.obj
c:\users\varun\desktop\tripper_gameengine\tripper_gameengine\debug\collisionmanager.obj
c:\users\varun\desktop\tripper_gameengine\tripper_gameengine\debug\controller.obj
c:\users\varun\desktop\tripper_gameengine\tripper_gameengine\debug\droneenemy.obj
c:\users\varun\desktop\tripper_gameengine\tripper_gameengine\debug\eventmanager.obj
c:\users\varun\desktop\tripper_gameengine\tripper_gameengine\debug\frameratecontroller.obj
c:\users\varun\desktop\tripper_gameengine\tripper_gameengine\debug\gameobjectinstance.obj
c:\users\varun\desktop\tripper_gameengine\tripper_gameengine\debug\gameobjectmanager.obj
c:\users\varun\desktop\tripper_gameengine\tripper_gameengine\debug\inputmanager.obj
c:\users\varun\desktop\tripper_gameengine\tripper_gameengine\debug\matrix2d.obj
c:\users\varun\desktop\tripper_gameengine\tripper_gameengine\debug\main.obj
c:\users\varun\desktop\tripper_gameengine\tripper_gameengine\debug\math2d.obj
c:\users\varun\desktop\tripper_gameengine\tripper_gameengine\debug\matrix.obj
c:\users\varun\desktop\tripper_gameengine\tripper_gameengine\debug\physicsmanager.obj
c:\users\varun\desktop\tripper_gameengine\tripper_gameengine\debug\resourcemanager.obj
c:\users\varun\desktop\tripper_gameengine\tripper_gameengine\debug\sprite.obj
c:\users\varun\desktop\tripper_gameengine\tripper_gameengine\debug\transform.obj
c:\users\varun\desktop\tripper_gameengine\tripper_gameengine\debug\vector2d.obj
c:\users\varun\desktop\tripper_gameengine\tripper_gameengine\debug\dronelowerdiagonal.obj
c:\users\varun\desktop\tripper_gameengine\tripper_gameengine\debug\droneupperdiagonal.obj
c:\users\varun\desktop\tripper_gameengine\tripper_gameengine\debug\updownmove.obj
c:\users\varun\desktop\tripper_gameengine\tripper_gameengine\debug\killshot.obj
c:\users\varun\desktop\tripper_gameengine\tripper_gameengine\debug\audiomanger.obj
c:\users\varun\desktop\tripper_gameengine\tripper_gameengine\debug\sentinelenemy.obj
c:\users\varun\desktop\tripper_gameengine\tripper_gameengine\debug\healthcomponent.obj
c:\users\varun\desktop\tripper_gameengine\tripper_gameengine\debug\minifollowdrones.obj
c:\users\varun\desktop\tripper_gameengine\tripper_gameengine\debug\game engine.lib
c:\users\varun\desktop\tripper_gameengine\tripper_gameengine\debug\game engine.exp
c:\users\varun\desktop\tripper_gameengine\tripper_gameengine\debug\game engine.ilk
c:\users\varun\desktop\tripper_gameengine\tripper_gameengine\debug\game engine.exe
c:\users\varun\desktop\tripper_gameengine\tripper_gameengine\debug\game engine.pdb
c:\users\varun\desktop\tripper_gameengine\tripper_gameengine\debug\game engine.tlog\cl.command.1.tlog
c:\users\varun\desktop\tripper_gameengine\tripper_gameengine\debug\game engine.tlog\cl.read.1.tlog
c:\users\varun\desktop\tripper_gameengine\tripper_gameengine\debug\game engine.tlog\cl.write.1.tlog
c:\users\varun\desktop\tripper_gameengine\tripper_gameengine\debug\game engine.tlog\game engine.write.1u.tlog
c:\users\varun\desktop\tripper_gameengine\tripper_gameengine\debug\game engine.tlog\link.command.1.tlog
c:\users\varun\desktop\tripper_gameengine\tripper_gameengine\debug\game engine.tlog\link.read.1.tlog
c:\users\varun\desktop\tripper_gameengine\tripper_gameengine\debug\game engine.tlog\link.write.1.tlog
